build/outputs/logs/manifest-merger-debug-report.txt
-- Merging decision tree log ---
manifest
ADDED from AndroidManifest.xml:2:1
	package
		ADDED from AndroidManifest.xml:3:5
	android:versionName
		ADDED from AndroidManifest.xml:5:5
	android:versionCode
		ADDED from AndroidManifest.xml:4:5
		INJECTED from AndroidManifest.xml:0:0
		INJECTED from AndroidManifest.xml:0:0
	xmlns:android
		ADDED from AndroidManifest.xml:2:11
uses-sdk
ADDED from AndroidManifest.xml:7:5
MERGED from adtworkspace:appcompat_v7:unspecified:20:5
MERGED from adtworkspace.Android-PullToRefresh-master:library:unspecified:7:5
MERGED from adtworkspace.Android-PullToRefresh-master:library:unspecified:7:5
MERGED from adtworkspace.Android-PullToRefresh-master.extras:PullToRefreshViewPager:unspecified:7:5
MERGED from adtworkspace.Android-PullToRefresh-master:library:unspecified:7:5
MERGED from adtworkspace:BadgeView:unspecified:7:5
MERGED from adtworkspace.ViewPagerIndicator-master:librarys:unspecified:7:5
	android:targetSdkVersion
		ADDED from AndroidManifest.xml:9:9
	android:minSdkVersion
		ADDED from AndroidManifest.xml:8:9
uses-permission#android.permission.INTERNET
ADDED from AndroidManifest.xml:11:5
	android:name
		ADDED from AndroidManifest.xml:11:22
uses-permission#android.permission.RESTART_PACKAGES
ADDED from AndroidManifest.xml:12:5
	android:name
		ADDED from AndroidManifest.xml:12:22
uses-permission#android.permission.RECEIVE_BOOT_COMPLETED
ADDED from AndroidManifest.xml:13:5
	android:name
		ADDED from AndroidManifest.xml:13:22
uses-permission#android.permission.WRITE_EXTERNAL_STORAGE
ADDED from AndroidManifest.xml:15:5
	android:name
		ADDED from AndroidManifest.xml:15:22
uses-permission#android.permission.READ_PHONE_STATE
ADDED from AndroidManifest.xml:17:5
	android:name
		ADDED from AndroidManifest.xml:17:22
uses-permission#android.permission.ACCESS_NETWORK_STATE
ADDED from AndroidManifest.xml:18:5
	android:name
		ADDED from AndroidManifest.xml:18:22
uses-permission#android.permission.ACCESS_WIFI_STATE
ADDED from AndroidManifest.xml:19:5
	android:name
		ADDED from AndroidManifest.xml:19:22
uses-permission#android.permission.READ_LOGS
ADDED from AndroidManifest.xml:23:5
	android:name
		ADDED from AndroidManifest.xml:23:22
uses-permission#android.permission.VIBRATE
ADDED from AndroidManifest.xml:24:5
	android:name
		ADDED from AndroidManifest.xml:24:22
uses-permission#android.permission.GET_TASKS
ADDED from AndroidManifest.xml:25:5
	android:name
		ADDED from AndroidManifest.xml:25:22
uses-permission#android.permission.CHANGE_NETWORK_STATE
ADDED from AndroidManifest.xml:31:5
	android:name
		ADDED from AndroidManifest.xml:31:22
uses-permission#android.permission.CHANGE_WIFI_STATE
ADDED from AndroidManifest.xml:32:5
	android:name
		ADDED from AndroidManifest.xml:32:22
uses-permission#android.permission.WAKE_LOCK
ADDED from AndroidManifest.xml:35:5
	android:name
		ADDED from AndroidManifest.xml:35:22
uses-permission#android.permission.WRITE_SETTINGS
ADDED from AndroidManifest.xml:37:5
	android:name
		ADDED from AndroidManifest.xml:37:22
uses-permission#android.permission.BROADCAST_PACKAGE_ADDED
ADDED from AndroidManifest.xml:44:5
	android:name
		ADDED from AndroidManifest.xml:44:22
uses-permission#android.permission.BROADCAST_PACKAGE_CHANGED
ADDED from AndroidManifest.xml:45:5
	android:name
		ADDED from AndroidManifest.xml:45:22
uses-permission#android.permission.BROADCAST_PACKAGE_INSTALL
ADDED from AndroidManifest.xml:46:5
	android:name
		ADDED from AndroidManifest.xml:46:22
uses-permission#android.permission.BROADCAST_PACKAGE_REPLACED
ADDED from AndroidManifest.xml:47:5
	android:name
		ADDED from AndroidManifest.xml:47:22
uses-permission#android.permission.GET_ACCOUNTS
ADDED from AndroidManifest.xml:49:5
	android:name
		ADDED from AndroidManifest.xml:49:22
uses-permission#android.permission.READ_EXTERNAL_STORAGE
ADDED from AndroidManifest.xml:51:5
	android:maxSdkVersion
		ADDED from AndroidManifest.xml:53:9
	android:name
		ADDED from AndroidManifest.xml:52:9
application
ADDED from AndroidManifest.xml:55:5
MERGED from adtworkspace:appcompat_v7:unspecified:22:5
MERGED from adtworkspace.Android-PullToRefresh-master:library:unspecified:9:5
MERGED from adtworkspace.Android-PullToRefresh-master.extras:PullToRefreshListFragment:unspecified:7:5
MERGED from adtworkspace.Android-PullToRefresh-master:library:unspecified:9:5
MERGED from adtworkspace.Android-PullToRefresh-master.extras:PullToRefreshViewPager:unspecified:9:5
MERGED from adtworkspace.Android-PullToRefresh-master:library:unspecified:9:5
MERGED from adtworkspace:BadgeView:unspecified:11:5
	android:label
		ADDED from AndroidManifest.xml:58:9
	android:allowBackup
		ADDED from AndroidManifest.xml:56:9
	android:icon
		ADDED from AndroidManifest.xml:57:9
	android:theme
		ADDED from AndroidManifest.xml:60:9
	android:logo
		ADDED from AndroidManifest.xml:59:9
activity#com.rjx.gogu02.aty.LogoPicAty
ADDED from AndroidManifest.xml:61:9
	android:label
		ADDED from AndroidManifest.xml:63:13
	android:name
		ADDED from AndroidManifest.xml:62:13
intent-filter#android.intent.action.MAIN+android.intent.category.LAUNCHER
ADDED from AndroidManifest.xml:64:13
action#android.intent.action.MAIN
ADDED from AndroidManifest.xml:65:17
	android:name
		ADDED from AndroidManifest.xml:65:25
category#android.intent.category.LAUNCHER
ADDED from AndroidManifest.xml:67:17
	android:name
		ADDED from AndroidManifest.xml:67:27
activity#com.rjx.gogu02.aty.LoginAty
ADDED from AndroidManifest.xml:70:9
	android:name
		ADDED from AndroidManifest.xml:70:19
activity#com.rjx.gogu02.aty.MainActivity
ADDED from AndroidManifest.xml:72:9
	android:name
		ADDED from AndroidManifest.xml:72:19
activity#com.rjx.gogu02.aty.DetailsMicropostAty
ADDED from AndroidManifest.xml:74:9
	android:windowSoftInputMode
		ADDED from AndroidManifest.xml:76:13
	android:name
		ADDED from AndroidManifest.xml:75:13
activity#com.rjx.gogu02.aty.NewMicropostAty
ADDED from AndroidManifest.xml:78:9
	android:screenOrientation
		ADDED from AndroidManifest.xml:81:13
	android:windowSoftInputMode
		ADDED from AndroidManifest.xml:82:13
	android:configChanges
		ADDED from AndroidManifest.xml:80:13
	android:name
		ADDED from AndroidManifest.xml:79:13
activity#com.rjx.gogu02.aty.ChangeMicropostAty
ADDED from AndroidManifest.xml:84:9
	android:screenOrientation
		ADDED from AndroidManifest.xml:87:13
	android:windowSoftInputMode
		ADDED from AndroidManifest.xml:88:13
	android:configChanges
		ADDED from AndroidManifest.xml:86:13
	android:name
		ADDED from AndroidManifest.xml:85:13
activity#com.rjx.gogu02.testaty
ADDED from AndroidManifest.xml:90:9
	android:name
		ADDED from AndroidManifest.xml:90:19
activity#com.rjx.gogu02.aty.RegAty
ADDED from AndroidManifest.xml:92:9
	android:name
		ADDED from AndroidManifest.xml:92:19
activity#com.rjx.gogu02.aty.SearchAty
ADDED from AndroidManifest.xml:94:9
	android:name
		ADDED from AndroidManifest.xml:94:19
activity#com.rjx.gogu02.aty.StockMicropostListAty
ADDED from AndroidManifest.xml:96:9
	android:name
		ADDED from AndroidManifest.xml:96:19
activity#com.rjx.gogu02.aty.MyMicropostAty
ADDED from AndroidManifest.xml:98:9
	android:name
		ADDED from AndroidManifest.xml:98:19
activity#com.rjx.gogu02.aty.NewMessageAty
ADDED from AndroidManifest.xml:100:9
	android:screenOrientation
		ADDED from AndroidManifest.xml:103:13
	android:windowSoftInputMode
		ADDED from AndroidManifest.xml:104:13
	android:configChanges
		ADDED from AndroidManifest.xml:102:13
	android:name
		ADDED from AndroidManifest.xml:101:13
activity#com.rjx.gogu02.aty.MyChatAty
ADDED from AndroidManifest.xml:106:9
	android:name
		ADDED from AndroidManifest.xml:106:19
activity#com.rjx.gogu02.aty.SettingsAty
ADDED from AndroidManifest.xml:108:9
	android:name
		ADDED from AndroidManifest.xml:108:19
activity#com.rjx.gogu02.aty.MyReplyAty
ADDED from AndroidManifest.xml:110:9
	android:name
		ADDED from AndroidManifest.xml:110:19
activity#com.rjx.gogu02.aty.testAty
ADDED from AndroidManifest.xml:112:9
	android:name
		ADDED from AndroidManifest.xml:112:19
activity#com.rjx.gogu02.aty.PicDetailAty
ADDED from AndroidManifest.xml:114:9
	android:name
		ADDED from AndroidManifest.xml:114:19
activity#com.rjx.gogu02.aty.DelPicAty
ADDED from AndroidManifest.xml:116:9
	android:name
		ADDED from AndroidManifest.xml:116:19
activity#com.rjx.gogu02.aty.ForgetPwdAty
ADDED from AndroidManifest.xml:118:9
	android:name
		ADDED from AndroidManifest.xml:118:19
activity#com.rjx.gogu02.aty.AdviceAty
ADDED from AndroidManifest.xml:120:9
	android:name
		ADDED from AndroidManifest.xml:120:19
activity#com.rjx.gogu02.aty.ChangePwdAty
ADDED from AndroidManifest.xml:122:9
	android:name
		ADDED from AndroidManifest.xml:122:19
activity#com.rjx.gogu02.aty.MyStockAty
ADDED from AndroidManifest.xml:124:9
	android:name
		ADDED from AndroidManifest.xml:124:19
activity#com.rjx.gogu02.aty.AddFavStockAty
ADDED from AndroidManifest.xml:126:9
	android:name
		ADDED from AndroidManifest.xml:126:19
activity#com.rjx.gogu02.aty.ShowMyVoteAty
ADDED from AndroidManifest.xml:128:9
	android:name
		ADDED from AndroidManifest.xml:128:19
service#com.rjx.gogu02.service.NotificationService
ADDED from AndroidManifest.xml:131:9
	android:name
		ADDED from AndroidManifest.xml:131:18
receiver#com.rjx.gogu02.receiver.StartedBoardcastReceiver
ADDED from AndroidManifest.xml:144:9
	android:name
		ADDED from AndroidManifest.xml:144:19
intent-filter#android.intent.action.BOOT_COMPLETED+android.intent.category.DEFAULT
ADDED from AndroidManifest.xml:145:13
action#android.intent.action.BOOT_COMPLETED
ADDED from AndroidManifest.xml:146:17
	android:name
		ADDED from AndroidManifest.xml:146:25
category#android.intent.category.DEFAULT
ADDED from AndroidManifest.xml:148:17
	android:name
		ADDED from AndroidManifest.xml:148:27
receiver#com.umeng.message.NotificationProxyBroadcastReceiver
ADDED from AndroidManifest.xml:153:9
	android:exported
		ADDED from AndroidManifest.xml:155:13
	android:name
		ADDED from AndroidManifest.xml:154:13
receiver#com.umeng.message.SystemReceiver
ADDED from AndroidManifest.xml:159:9
	android:process
		ADDED from AndroidManifest.xml:161:13
	android:name
		ADDED from AndroidManifest.xml:160:13
intent-filter#android.intent.action.BOOT_COMPLETED
ADDED from AndroidManifest.xml:162:13
intent-filter#android.net.conn.CONNECTIVITY_CHANGE
ADDED from AndroidManifest.xml:165:13
action#android.net.conn.CONNECTIVITY_CHANGE
ADDED from AndroidManifest.xml:166:17
	android:name
		ADDED from AndroidManifest.xml:166:25
intent-filter#android.intent.action.PACKAGE_REMOVED
ADDED from AndroidManifest.xml:168:13
action#android.intent.action.PACKAGE_REMOVED
ADDED from AndroidManifest.xml:169:17
	android:name
		ADDED from AndroidManifest.xml:169:25
data
ADDED from AndroidManifest.xml:170:17
	android:scheme
		ADDED from AndroidManifest.xml:170:23
receiver#com.umeng.message.MessageReceiver
ADDED from AndroidManifest.xml:175:9
	android:process
		ADDED from AndroidManifest.xml:177:13
	android:name
		ADDED from AndroidManifest.xml:176:13
intent-filter#org.agoo.android.intent.action.RECEIVE
ADDED from AndroidManifest.xml:178:13
action#org.agoo.android.intent.action.RECEIVE
ADDED from AndroidManifest.xml:179:17
	android:name
		ADDED from AndroidManifest.xml:179:25
receiver#com.umeng.message.ElectionReceiver
ADDED from AndroidManifest.xml:184:9
	android:process
		ADDED from AndroidManifest.xml:186:13
	android:name
		ADDED from AndroidManifest.xml:185:13
intent-filter#org.agoo.android.intent.action.ELECTION_RESULT_V4+umeng
ADDED from AndroidManifest.xml:187:13
action#org.agoo.android.intent.action.ELECTION_RESULT_V4
ADDED from AndroidManifest.xml:188:17
	android:name
		ADDED from AndroidManifest.xml:188:25
category#umeng
ADDED from AndroidManifest.xml:189:17
	android:name
		ADDED from AndroidManifest.xml:189:27
receiver#com.umeng.message.RegistrationReceiver
ADDED from AndroidManifest.xml:195:9
	android:exported
		ADDED from AndroidManifest.xml:197:13
	android:name
		ADDED from AndroidManifest.xml:196:13
intent-filter#com.rjx.gogu02.intent.action.COMMAND
ADDED from AndroidManifest.xml:198:13
action#com.rjx.gogu02.intent.action.COMMAND
ADDED from AndroidManifest.xml:199:17
	android:name
		ADDED from AndroidManifest.xml:199:25
receiver#com.umeng.message.UmengMessageBootReceiver
ADDED from AndroidManifest.xml:202:9
	android:name
		ADDED from AndroidManifest.xml:202:19
service#com.umeng.message.UmengService
ADDED from AndroidManifest.xml:210:9
	android:process
		ADDED from AndroidManifest.xml:214:13
	android:label
		ADDED from AndroidManifest.xml:212:13
	android:exported
		ADDED from AndroidManifest.xml:213:13
	android:name
		ADDED from AndroidManifest.xml:211:13
intent-filter#com.rjx.gogu02.intent.action.START
ADDED from AndroidManifest.xml:215:13
action#com.rjx.gogu02.intent.action.START
ADDED from AndroidManifest.xml:216:17
	android:name
		ADDED from AndroidManifest.xml:216:25
intent-filter#com.rjx.gogu02.intent.action.COCKROACH
ADDED from AndroidManifest.xml:218:13
action#com.rjx.gogu02.intent.action.COCKROACH
ADDED from AndroidManifest.xml:219:17
	android:name
		ADDED from AndroidManifest.xml:219:25
intent-filter#org.agoo.android.intent.action.PING_V4+umeng
ADDED from AndroidManifest.xml:221:13
action#org.agoo.android.intent.action.PING_V4
ADDED from AndroidManifest.xml:222:17
	android:name
		ADDED from AndroidManifest.xml:222:25
service#com.umeng.message.UmengIntentService
ADDED from AndroidManifest.xml:228:9
	android:process
		ADDED from AndroidManifest.xml:229:13
	android:name
		ADDED from AndroidManifest.xml:228:18
service#com.umeng.message.UmengMessageIntentReceiverService
ADDED from AndroidManifest.xml:232:9
	android:process
		ADDED from AndroidManifest.xml:234:13
	android:exported
		ADDED from AndroidManifest.xml:235:13
	android:name
		ADDED from AndroidManifest.xml:233:13
intent-filter#org.android.agoo.client.MessageReceiverService
ADDED from AndroidManifest.xml:236:13
action#org.android.agoo.client.MessageReceiverService
ADDED from AndroidManifest.xml:237:17
	android:name
		ADDED from AndroidManifest.xml:237:25
intent-filter#org.android.agoo.client.ElectionReceiverService
ADDED from AndroidManifest.xml:239:13
action#org.android.agoo.client.ElectionReceiverService
ADDED from AndroidManifest.xml:240:17
	android:name
		ADDED from AndroidManifest.xml:240:25
service#com.umeng.message.UmengMessageCallbackHandlerService
ADDED from AndroidManifest.xml:245:9
	android:exported
		ADDED from AndroidManifest.xml:246:13
	android:name
		ADDED from AndroidManifest.xml:245:18
intent-filter#com.umeng.messge.registercallback.action
ADDED from AndroidManifest.xml:247:13
action#com.umeng.messge.registercallback.action
ADDED from AndroidManifest.xml:248:17
	android:name
		ADDED from AndroidManifest.xml:248:25
intent-filter#com.umeng.message.unregistercallback.action
ADDED from AndroidManifest.xml:250:13
action#com.umeng.message.unregistercallback.action
ADDED from AndroidManifest.xml:251:17
	android:name
		ADDED from AndroidManifest.xml:251:25
intent-filter#com.umeng.message.message.handler.action
ADDED from AndroidManifest.xml:253:13
action#com.umeng.message.message.handler.action
ADDED from AndroidManifest.xml:254:17
	android:name
		ADDED from AndroidManifest.xml:254:25
intent-filter#com.umeng.message.autoupdate.handler.action
ADDED from AndroidManifest.xml:256:13
action#com.umeng.message.autoupdate.handler.action
ADDED from AndroidManifest.xml:257:17
	android:name
		ADDED from AndroidManifest.xml:257:25
service#com.umeng.message.UmengDownloadResourceService
ADDED from AndroidManifest.xml:262:9
	android:name
		ADDED from AndroidManifest.xml:262:18
meta-data#UMENG_APPKEY
ADDED from AndroidManifest.xml:265:9
	android:value
		ADDED from AndroidManifest.xml:267:13
	android:name
		ADDED from AndroidManifest.xml:266:13
meta-data#UMENG_MESSAGE_SECRET
ADDED from AndroidManifest.xml:269:9
	android:value
		ADDED from AndroidManifest.xml:271:13
	android:name
		ADDED from AndroidManifest.xml:270:13
meta-data#UMENG_CHANNEL
ADDED from AndroidManifest.xml:273:9
	android:value
		ADDED from AndroidManifest.xml:275:13
	android:name
		ADDED from AndroidManifest.xml:274:13
activity#com.rjx.gogu02.aty.ShowVoteAty
ADDED from AndroidManifest.xml:279:9
	android:label
		ADDED from AndroidManifest.xml:281:13
	android:name
		ADDED from AndroidManifest.xml:280:13
activity#com.rjx.gogu02.aty.DetailVoteAty
ADDED from AndroidManifest.xml:283:9
	android:label
		ADDED from AndroidManifest.xml:285:13
	android:name
		ADDED from AndroidManifest.xml:284:13